<?xml version="1.0" encoding="UTF-8"?>
<!-- Generated by org.testng.reporters.JUnitXMLReporter -->
<testsuite ignored="0" hostname="DESKTOP-UAHEQIO" failures="0" tests="1" name="Test" time="0.081" errors="0" timestamp="2023-05-06T13:59:31 IST">
  <testcase classname="Com.Utility.BaseClass" name="@BeforeMethod setup" time="-1.683361771154E9">
    <failure type="org.testng.TestNGException" message="
Parameter &amp;apos;BrowserName&amp;apos; is required by BeforeMethod on method setup but has not been marked @Optional or defined
in C:\Users\Hp\eclipse-workspace\Batch15_Framwork\MasterSuite.xml">
      <![CDATA[org.testng.TestNGException: 
Parameter 'BrowserName' is required by BeforeMethod on method setup but has not been marked @Optional or defined
in C:\Users\Hp\eclipse-workspace\Batch15_Framwork\MasterSuite.xml
at java.base/java.util.ArrayList.forEach(ArrayList.java:1511)
... Removed 28 stack frames]]>
    </failure>
  </testcase> <!-- @BeforeMethod setup -->
  <testcase classname="Com.Utility.BaseClass" name="@AfterMethod tearDown" time="-1.683361771179E9">
    <skipped/>
  </testcase> <!-- @AfterMethod tearDown -->
  <testcase classname="Com.Test.Test_1" name="verifylogin_page" time="0.0">
    <skipped/>
  </testcase> <!-- verifylogin_page -->
</testsuite> <!-- Test -->
